Arguments: 
  /usr/bin/node /usr/local/lib/node_modules/@sanity/cli/vendor/yarn install --json --non-interactive --ignore-engines --registry https://registry.npmjs.org

PATH: 
  /home/elabz/Projects/sanity-gatsby-portfolio/studio/node_modules/.bin:/home/elabz/Projects/sanity-gatsby-portfolio/node_modules/.bin:/home/elabz/Projects/node_modules/.bin:/home/elabz/node_modules/.bin:/home/node_modules/.bin:/node_modules/.bin:/usr/bin:/usr/local/lib/node_modules/vendor:/home/elabz/.amplify/bin:/home/username/anaconda3/bin:/home/elabz/anaconda3/bin:/home/elabz/anaconda3/condabin:/home/elabz/.amplify/bin:/home/elabz/.local/bin:/usr/local/sbin:/usr/local/bin:/usr/sbin:/usr/bin:/sbin:/bin:/usr/games:/usr/local/games:/snap/bin

Yarn version: 
  1.22.10

Node version: 
  16.7.0

Platform: 
  linux x64

Trace: 
  Error: read ECONNRESET
      at TLSWrap.onStreamRead (node:internal/stream_base_commons:220:20)

npm manifest: 
  {
  	"private": true,
  	"name": "sanity-gatsby-portfolio-studio",
  	"version": "1.0.6",
  	"main": "package.json",
  	"author": "Sanity <hello@sanity.io>",
  	"dependencies": {
  		"@sanity/base": "^2.1.3",
  		"@sanity/cli": "^2.1.0",
  		"@sanity/components": "^2.1.0",
  		"@sanity/core": "^2.1.2",
  		"@sanity/dashboard": "^2.1.0",
  		"@sanity/default-layout": "^2.1.3",
  		"@sanity/default-login": "^2.1.0",
  		"@sanity/desk-tool": "^2.1.3",
  		"@sanity/studio-hints": "^2.1.0",
  		"date-fns": "^1.30.1",
  		"prop-types": "^15.7.2",
  		"react": "^17.0.2",
  		"react-dom": "^17.0.2",
  		"react-icons": "^3.11.0",
  		"sanity-plugin-dashboard-widget-document-list": "^0.0.11",
  		"sanity-plugin-dashboard-widget-netlify": "^1.0.1"
  	},
  	"devDependencies": {
  		"babel-eslint": "^10.1.0",
  		"eslint": "^5.16.0",
  		"eslint-config-standard": "^12.0.0",
  		"eslint-config-standard-react": "^7.0.2",
  		"eslint-plugin-import": "^2.22.1",
  		"eslint-plugin-node": "^9.2.0",
  		"eslint-plugin-promise": "^4.1.1",
  		"eslint-plugin-react": "^7.21.5",
  		"eslint-plugin-standard": "^4.1.0",
  		"prettier-eslint-cli": "^5.0.0"
  	}
  }

yarn manifest: 
  No manifest

Lockfile: 
  No lockfile
